2021-04-27 23:16:17.118  INFO 1384 --- [main] com.infy.InfyGo.DemoInfyGoApplication    : Starting DemoInfyGoApplication using Java 1.8.0_261 on LAPTOP-KAPR57CB with PID 1384 (C:\Users\SANTHOSE\Desktop\Eclipse\SpringBootWorkspace\demo-InfyGo\target\classes started by SANTHOSE in C:\Users\SANTHOSE\Desktop\Eclipse\SpringBootWorkspace\demo-InfyGo)
2021-04-27 23:16:17.124  INFO 1384 --- [main] com.infy.InfyGo.DemoInfyGoApplication    : No active profile set, falling back to default profiles: default
2021-04-27 23:16:21.505  INFO 1384 --- [main] o.s.b.w.embedded.tomcat.TomcatWebServer  : Tomcat initialized with port(s): 8100 (http)
2021-04-27 23:16:21.609  INFO 1384 --- [main] o.apache.catalina.core.StandardService   : Starting service [Tomcat]
2021-04-27 23:16:21.610  INFO 1384 --- [main] org.apache.catalina.core.StandardEngine  : Starting Servlet engine: [Apache Tomcat/9.0.45]
2021-04-27 23:16:22.585  INFO 1384 --- [main] o.a.c.c.C.[Tomcat].[localhost].[/]       : Initializing Spring embedded WebApplicationContext
2021-04-27 23:16:22.586  INFO 1384 --- [main] w.s.c.ServletWebServerApplicationContext : Root WebApplicationContext: initialization completed in 5140 ms
2021-04-27 23:16:23.494  INFO 1384 --- [main] o.s.s.concurrent.ThreadPoolTaskExecutor  : Initializing ExecutorService 'applicationTaskExecutor'
2021-04-27 23:16:24.102  INFO 1384 --- [main] o.s.b.w.embedded.tomcat.TomcatWebServer  : Tomcat started on port(s): 8100 (http) with context path ''
2021-04-27 23:16:24.119  INFO 1384 --- [main] com.infy.InfyGo.DemoInfyGoApplication    : Started DemoInfyGoApplication in 9.384 seconds (JVM running for 14.315)
2021-04-27 23:18:17.499  INFO 8908 --- [main] com.infy.InfyGo.DemoInfyGoApplication    : Starting DemoInfyGoApplication using Java 1.8.0_261 on LAPTOP-KAPR57CB with PID 8908 (C:\Users\SANTHOSE\Desktop\Eclipse\SpringBootWorkspace\demo-InfyGo\target\classes started by SANTHOSE in C:\Users\SANTHOSE\Desktop\Eclipse\SpringBootWorkspace\demo-InfyGo)
2021-04-27 23:18:17.696  INFO 8908 --- [main] com.infy.InfyGo.DemoInfyGoApplication    : No active profile set, falling back to default profiles: default
2021-04-27 23:18:23.543  INFO 8908 --- [main] o.s.b.w.embedded.tomcat.TomcatWebServer  : Tomcat initialized with port(s): 8100 (http)
2021-04-27 23:18:23.600  INFO 8908 --- [main] o.apache.catalina.core.StandardService   : Starting service [Tomcat]
2021-04-27 23:18:23.600  INFO 8908 --- [main] org.apache.catalina.core.StandardEngine  : Starting Servlet engine: [Apache Tomcat/9.0.45]
2021-04-27 23:18:24.102  INFO 8908 --- [main] o.a.c.c.C.[Tomcat].[localhost].[/]       : Initializing Spring embedded WebApplicationContext
2021-04-27 23:18:24.103  INFO 8908 --- [main] w.s.c.ServletWebServerApplicationContext : Root WebApplicationContext: initialization completed in 6213 ms
2021-04-27 23:18:24.418  INFO 8908 --- [main] o.s.s.concurrent.ThreadPoolTaskExecutor  : Initializing ExecutorService 'applicationTaskExecutor'
2021-04-27 23:18:24.909  INFO 8908 --- [main] o.s.b.w.embedded.tomcat.TomcatWebServer  : Tomcat started on port(s): 8100 (http) with context path ''
2021-04-27 23:18:24.925  INFO 8908 --- [main] com.infy.InfyGo.DemoInfyGoApplication    : Started DemoInfyGoApplication in 8.77 seconds (JVM running for 9.905)
